{
  "stats": {
    "suites": 1,
    "tests": 1,
    "passes": 1,
    "pending": 0,
    "failures": 0,
    "start": "2020-09-29T10:46:36.994Z",
    "end": "2020-09-29T10:46:51.399Z",
    "duration": 14405,
    "testsRegistered": 1,
    "passPercent": 100,
    "pendingPercent": 0,
    "other": 0,
    "hasOther": false,
    "skipped": 0,
    "hasSkipped": false
  },
  "results": [
    {
      "uuid": "efb22daf-fba8-46f4-bb35-9c452c67282c",
      "title": "",
      "fullFile": "cypress/integration/examples/taskman.spec.js",
      "file": "cypress/integration/examples/taskman.spec.js",
      "beforeHooks": [],
      "afterHooks": [],
      "tests": [],
      "suites": [
        {
          "uuid": "eaf1133a-1da2-4394-adbc-17a4ae92fa46",
          "title": "My First Test",
          "fullFile": "",
          "file": "",
          "beforeHooks": [],
          "afterHooks": [],
          "tests": [
            {
              "title": "Does not do much!",
              "fullTitle": "My First Test Does not do much!",
              "timedOut": null,
              "duration": 12462,
              "state": "passed",
              "speed": "slow",
              "pass": true,
              "fail": false,
              "pending": false,
              "context": null,
              "code": "cy.visit('http://taskman.geekydev.com/');\ncy.get('[type=\"text\"]').clear().type('admin@taskman.com');\ncy.get('[type=\"password\"]').clear().type('password');\ncy.get('.custom-button').click(); // cy.get('.heading-admin-container > img').click()\n// cy.get('.logout-container > :nth-child(2)').click()\ncy.get(':nth-child(4) > .sidebar-card-heading').click();\ncy.get('[data-row-key=\"1\"] > :nth-child(1) > a').click();\ncy.get(':nth-child(4) > .sidebar-card-heading').click();\ncy.get('[data-row-key=\"1\"] > :nth-child(7) > .ant-btn > span').click();\ncy.get(':nth-child(5) > .sidebar-card-heading').click();\ncy.get('[placeholder=\"Name\"]').type('Sumit');\ncy.get('[type=\"email\"]').type('admin00@gmail.com');\ncy.get('[placeholder=\"Phone Number\"]').type(9999999999);\ncy.get('[type=\"password\"]').type(123456);\ncy.get('.custom-button').click();\ncy.get('.heading-admin-container > img').click();\ncy.get('.logout-container > :nth-child(2)').click();",
              "err": {},
              "uuid": "97cd662f-76d6-441d-8717-78ec3b6c460a",
              "parentUUID": "eaf1133a-1da2-4394-adbc-17a4ae92fa46",
              "isHook": false,
              "skipped": false
            }
          ],
          "suites": [],
          "passes": [
            "97cd662f-76d6-441d-8717-78ec3b6c460a"
          ],
          "failures": [],
          "pending": [],
          "skipped": [],
          "duration": 12462,
          "root": false,
          "rootEmpty": false,
          "_timeout": 2000
        }
      ],
      "passes": [],
      "failures": [],
      "pending": [],
      "skipped": [],
      "duration": 0,
      "root": true,
      "rootEmpty": true,
      "_timeout": 2000
    }
  ],
  "meta": {
    "mocha": {
      "version": "7.0.1"
    },
    "mochawesome": {
      "options": {
        "quiet": false,
        "reportFilename": "mochawesome",
        "saveHtml": true,
        "saveJson": true,
        "consoleReporter": "spec",
        "useInlineDiffs": false,
        "code": true
      },
      "version": "6.1.1"
    },
    "marge": {
      "options": null,
      "version": "5.1.0"
    }
  }
}